<?xml version="1.0"?><coverage lines-covered="41" lines-valid="103" line-rate="0.39805825242718446" branches-covered="0" branches-valid="0" branch-rate="0" complexity="0" version="1.9" timestamp="1778913836"><sources><source>/home/zapha/Vicky-Org/susulink/contracts</source></sources><packages><package name="ajo_circle/src" line-rate="0" branch-rate="0" complexity="0"><classes><class name="lib" filename="ajo_circle/src/lib.rs" line-rate="0" branch-rate="0" complexity="0"><methods/><lines><line number="56" hits="0"/><line number="71" hits="0"/><line number="72" hits="0"/><line number="75" hits="0"/><line number="76" hits="0"/><line number="86" hits="0"/><line number="87" hits="0"/><line number="91" hits="0"/><line number="92" hits="0"/><line number="94" hits="0"/><line number="95" hits="0"/><line number="96" hits="0"/><line number="98" hits="0"/><line number="100" hits="0"/><line number="101" hits="0"/><line number="104" hits="0"/><line number="105" hits="0"/><line number="107" hits="0"/><line number="108" hits="0"/><line number="109" hits="0"/><line number="112" hits="0"/><line number="113" hits="0"/><line number="115" hits="0"/><line number="116" hits="0"/><line number="119" hits="0"/><line number="120" hits="0"/><line number="123" hits="0"/><line number="124" hits="0"/><line number="126" hits="0"/><line number="127" hits="0"/><line number="128" hits="0"/><line number="132" hits="0"/><line number="133" hits="0"/><line number="136" hits="0"/><line number="137" hits="0"/><line number="140" hits="0"/><line number="141" hits="0"/></lines></class></classes></package><package name="contribution_vault/src" line-rate="1" branch-rate="0" complexity="0"><classes><class name="lib" filename="contribution_vault/src/lib.rs" line-rate="1" branch-rate="0" complexity="0"><methods/><lines><line number="9" hits="1"/></lines></class></classes></package><package name="susu_circle/src" line-rate="0.3611111111111111" branch-rate="0" complexity="0"><classes><class name="lib" filename="susu_circle/src/lib.rs" line-rate="0.3611111111111111" branch-rate="0" complexity="0"><methods/><lines><line number="50" hits="1"/><line number="65" hits="2"/><line number="66" hits="0"/><line number="69" hits="1"/><line number="70" hits="0"/><line number="80" hits="2"/><line number="81" hits="1"/><line number="85" hits="1"/><line number="86" hits="1"/><line number="88" hits="0"/><line number="89" hits="1"/><line number="90" hits="1"/><line number="92" hits="1"/><line number="93" hits="2"/><line number="96" hits="0"/><line number="97" hits="0"/><line number="99" hits="0"/><line number="100" hits="0"/><line number="101" hits="0"/><line number="104" hits="0"/><line number="105" hits="0"/><line number="107" hits="0"/><line number="108" hits="0"/><line number="111" hits="0"/><line number="112" hits="0"/><line number="115" hits="0"/><line number="116" hits="0"/><line number="118" hits="0"/><line number="119" hits="0"/><line number="120" hits="0"/><line number="124" hits="1"/><line number="125" hits="4"/><line number="128" hits="0"/><line number="129" hits="0"/><line number="132" hits="0"/><line number="133" hits="0"/></lines></class></classes></package><package name="circle_factory/src" line-rate="0" branch-rate="0" complexity="0"><classes><class name="lib" filename="circle_factory/src/lib.rs" line-rate="0" branch-rate="0" complexity="0"><methods/><lines><line number="9" hits="0"/></lines></class></classes></package><package name="susu_circle/tests" line-rate="1" branch-rate="0" complexity="0"><classes><class name="test" filename="susu_circle/tests/test.rs" line-rate="1" branch-rate="0" complexity="0"><methods/><lines><line number="1" hits="1"/><line number="6" hits="3"/><line number="7" hits="1"/><line number="8" hits="1"/><line number="9" hits="1"/><line number="11" hits="1"/><line number="12" hits="1"/><line number="13" hits="1"/><line number="14" hits="1"/><line number="15" hits="1"/><line number="16" hits="1"/><line number="18" hits="1"/><line number="33" hits="1"/><line number="34" hits="2"/><line number="35" hits="1"/><line number="36" hits="1"/><line number="37" hits="2"/></lines></class></classes></package><package name="contribution_vault/tests" line-rate="1" branch-rate="0" complexity="0"><classes><class name="test" filename="contribution_vault/tests/test.rs" line-rate="1" branch-rate="0" complexity="0"><methods/><lines><line number="1" hits="1"/><line number="6" hits="3"/><line number="7" hits="1"/><line number="8" hits="1"/><line number="9" hits="1"/><line number="11" hits="1"/><line number="12" hits="1"/><line number="13" hits="1"/><line number="15" hits="1"/><line number="16" hits="1"/></lines></class></classes></package><package name="penalty_pool/src" line-rate="0" branch-rate="0" complexity="0"><classes><class name="lib" filename="penalty_pool/src/lib.rs" line-rate="0" branch-rate="0" complexity="0"><methods/><lines><line number="9" hits="0"/></lines></class></classes></package></packages></coverage>